<?xml version="1.0" encoding="UTF-8"?>
<testsuite xmlns:xsi="http://www.w3.org/2001/XMLSchema-instance" xsi:noNamespaceSchemaLocation="https://maven.apache.org/surefire/maven-surefire-plugin/xsd/surefire-test-report-3.0.xsd" version="3.0" name="br.com.ingressosOnLine.ImgressosOnLineApplicationTests" time="9.699" tests="1" errors="0" skipped="0" failures="0">
  <properties>
[...]
</properties>
  <testcase name="contextLoads" classname="br.com.ingressosOnLine.ImgressosOnLineApplicationTests" time="1.258">
    <system-out><![CDATA[13:15:02.266 [main] INFO org.springframework.test.context.support.AnnotationConfigContextLoaderUtils -- Could not detect default configuration classes for test class [br.com.ingressosOnLine.ImgressosOnLineApplicationTests]: ImgressosOnLineApplicationTests does not declare any static, non-private, non-final, nested classes annotated with @Configuration.
13:15:02.466 [main] INFO org.springframework.boot.test.context.SpringBootTestContextBootstrapper -- Found @SpringBootConfiguration br.com.ingressosOnLine.ImgressosOnLineApplication for test class br.com.ingressosOnLine.ImgressosOnLineApplicationTests

  .   ____          _            __ _ _
 /\\ / ___'_ __ _ _(_)_ __  __ _ \ \ \ \
( ( )\___ | '_ | '_| | '_ \/ _` | \ \ \ \
 \\/  ___)| |_)| | | | | || (_| |  ) ) ) )
  '  |____| .__|_| |_|_| |_\__, | / / / /
 =========|_|==============|___/=/_/_/_/
 :: Spring Boot ::                (v3.2.2)

2025-03-31T13:15:03.434-03:00  INFO 5144 --- [           main] b.c.i.ImgressosOnLineApplicationTests    : Starting ImgressosOnLineApplicationTests using Java 23.0.1 with PID 5144 (started by joao.candido in C:\Users\joao.candido\Desktop\java-clean-architecture)
2025-03-31T13:15:03.436-03:00  INFO 5144 --- [           main] b.c.i.ImgressosOnLineApplicationTests    : The following 1 profile is active: "test"
2025-03-31T13:15:04.833-03:00  INFO 5144 --- [           main] .s.d.r.c.RepositoryConfigurationDelegate : Bootstrapping Spring Data JPA repositories in DEFAULT mode.
2025-03-31T13:15:04.959-03:00  INFO 5144 --- [           main] .s.d.r.c.RepositoryConfigurationDelegate : Finished Spring Data repository scanning in 105 ms. Found 1 JPA repository interface.
2025-03-31T13:15:05.686-03:00  INFO 5144 --- [           main] o.hibernate.jpa.internal.util.LogHelper  : HHH000204: Processing PersistenceUnitInfo [name: default]
2025-03-31T13:15:05.800-03:00  INFO 5144 --- [           main] org.hibernate.Version                    : HHH000412: Hibernate ORM core version 6.4.1.Final
2025-03-31T13:15:05.860-03:00  INFO 5144 --- [           main] o.h.c.internal.RegionFactoryInitiator    : HHH000026: Second-level cache disabled
2025-03-31T13:15:06.474-03:00  INFO 5144 --- [           main] o.s.o.j.p.SpringPersistenceUnitInfo      : No LoadTimeWeaver setup: ignoring JPA class transformer
2025-03-31T13:15:06.541-03:00  INFO 5144 --- [           main] com.zaxxer.hikari.HikariDataSource       : HikariPool-1 - Starting...
2025-03-31T13:15:06.963-03:00  INFO 5144 --- [           main] com.zaxxer.hikari.pool.HikariPool        : HikariPool-1 - Added connection conn0: url=jdbc:h2:mem:testdb user=SA
2025-03-31T13:15:06.966-03:00  INFO 5144 --- [           main] com.zaxxer.hikari.HikariDataSource       : HikariPool-1 - Start completed.
2025-03-31T13:15:08.584-03:00  INFO 5144 --- [           main] o.h.e.t.j.p.i.JtaPlatformInitiator       : HHH000489: No JTA platform available (set 'hibernate.transaction.jta.platform' to enable JTA platform integration)
Hibernate: drop table if exists usuarios cascade 
Hibernate: create table usuarios (nascimento date, id bigint generated by default as identity, cpf varchar(255), email varchar(255), nome varchar(255), primary key (id))
2025-03-31T13:15:08.639-03:00  INFO 5144 --- [           main] j.LocalContainerEntityManagerFactoryBean : Initialized JPA EntityManagerFactory for persistence unit 'default'
2025-03-31T13:15:09.573-03:00  WARN 5144 --- [           main] JpaBaseConfiguration$JpaWebConfiguration : spring.jpa.open-in-view is enabled by default. Therefore, database queries may be performed during view rendering. Explicitly configure spring.jpa.open-in-view to disable this warning
2025-03-31T13:15:10.330-03:00  INFO 5144 --- [           main] b.c.i.ImgressosOnLineApplicationTests    : Started ImgressosOnLineApplicationTests in 7.61 seconds (process running for 11.414)
]]></system-out>
    <system-err><![CDATA[WARNING: A Java agent has been loaded dynamically (C:\Users\joao.candido\.m2\repository\net\bytebuddy\byte-buddy-agent\1.14.11\byte-buddy-agent-1.14.11.jar)
WARNING: If a serviceability tool is in use, please run with -XX:+EnableDynamicAgentLoading to hide this warning
WARNING: If a serviceability tool is not in use, please run with -Djdk.instrument.traceUsage for more information
WARNING: Dynamic loading of agents will be disallowed by default in a future release
]]></system-err>
  </testcase>
</testsuite>